[INFO ] 2020-01-06T10:51:37,606Z [main] webserver.CmdLineOptions.loadConfig - Config:
{
    # hardcoded value
    "baseDirectory" : "/home/mirko/dev/corda/samples/obligation-cordapp/java-source/build/nodes/PartyA",
    # /home/mirko/dev/corda/samples/obligation-cordapp/java-source/build/nodes/PartyA/web-server.conf: 1
    "devMode" : true,
    # web-reference.conf @ jar:file:/home/mirko/.capsule/apps/net.corda.webserver.WebServer_4.3/corda-testserver-impl-4.3.jar!/web-reference.conf: 2
    "keyStorePassword" : "cordacadevpass",
    # /home/mirko/dev/corda/samples/obligation-cordapp/java-source/build/nodes/PartyA/web-server.conf: 2
    "myLegalName" : "O=PartyA,L=London,C=GB",
    # /home/mirko/dev/corda/samples/obligation-cordapp/java-source/build/nodes/PartyA/web-server.conf: 3
    "p2pAddress" : "localhost:10005",
    # /home/mirko/dev/corda/samples/obligation-cordapp/java-source/build/nodes/PartyA/web-server.conf: 4
    "rpcSettings" : {
        # /home/mirko/dev/corda/samples/obligation-cordapp/java-source/build/nodes/PartyA/web-server.conf: 5
        "address" : "localhost:10006",
        # /home/mirko/dev/corda/samples/obligation-cordapp/java-source/build/nodes/PartyA/web-server.conf: 6
        "adminAddress" : "localhost:10046"
    },
    # /home/mirko/dev/corda/samples/obligation-cordapp/java-source/build/nodes/PartyA/web-server.conf: 8
    "security" : {
        # /home/mirko/dev/corda/samples/obligation-cordapp/java-source/build/nodes/PartyA/web-server.conf: 9
        "authService" : {
            # /home/mirko/dev/corda/samples/obligation-cordapp/java-source/build/nodes/PartyA/web-server.conf: 10
            "dataSource" : {
                # /home/mirko/dev/corda/samples/obligation-cordapp/java-source/build/nodes/PartyA/web-server.conf: 11
                "type" : "INMEMORY",
                # /home/mirko/dev/corda/samples/obligation-cordapp/java-source/build/nodes/PartyA/web-server.conf: 12
                "users" : [
                    # /home/mirko/dev/corda/samples/obligation-cordapp/java-source/build/nodes/PartyA/web-server.conf: 13
                    {
                        # /home/mirko/dev/corda/samples/obligation-cordapp/java-source/build/nodes/PartyA/web-server.conf: 14
                        "password" : "test",
                        # /home/mirko/dev/corda/samples/obligation-cordapp/java-source/build/nodes/PartyA/web-server.conf: 15
                        "permissions" : [
                            # /home/mirko/dev/corda/samples/obligation-cordapp/java-source/build/nodes/PartyA/web-server.conf: 16
                            "ALL"
                        ],
                        # /home/mirko/dev/corda/samples/obligation-cordapp/java-source/build/nodes/PartyA/web-server.conf: 18
                        "user" : "user1"
                    }
                ]
            }
        }
    },
    # web-reference.conf @ jar:file:/home/mirko/.capsule/apps/net.corda.webserver.WebServer_4.3/corda-testserver-impl-4.3.jar!/web-reference.conf: 3
    "trustStorePassword" : "trustpass",
    # web-reference.conf @ jar:file:/home/mirko/.capsule/apps/net.corda.webserver.WebServer_4.3/corda-testserver-impl-4.3.jar!/web-reference.conf: 1
    "useHTTPS" : false,
    # /home/mirko/dev/corda/samples/obligation-cordapp/java-source/build/nodes/PartyA/web-server.conf: 24
    "webAddress" : "localhost:10007"
}

[WARN ] 2020-01-06T10:51:40,861Z [main] internal.config.defaultToOldPath - Config key user has been deprecated and will be removed in a future release. Use username instead
[INFO ] 2020-01-06T10:51:40,978Z [main] Main.main - Main class: /home/mirko/.capsule/apps/net.corda.webserver.WebServer_4.3/corda-testserver-impl-4.3.jar
[INFO ] 2020-01-06T10:51:40,992Z [main] Main.main - CommandLine Args: -Xmx200m -XX:+UseG1GC -javaagent:/home/mirko/.capsule/apps/net.corda.webserver.WebServer_4.3/quasar-core-0.7.10-jdk8.jar -Dvisualvm.display.name=Corda -Djava.library.path=/usr/java/packages/lib/amd64:/usr/lib/x86_64-linux-gnu/jni:/lib/x86_64-linux-gnu:/usr/lib/x86_64-linux-gnu:/usr/lib/jni:/lib:/usr/lib:/home/mirko/.capsule/apps/net.corda.webserver.WebServer_4.3 -Dcapsule.app=net.corda.webserver.WebServer_4.3 -Dname=PartyA -DWebserver -Dcapsule.dir=/home/mirko/.capsule/apps/net.corda.webserver.WebServer_4.3 -Dcapsule.jar=/home/mirko/dev/corda/samples/obligation-cordapp/java-source/build/nodes/PartyA/corda-testserver.jar
[INFO ] 2020-01-06T10:51:41,007Z [main] Main.main - Application Args: 
[INFO ] 2020-01-06T10:51:41,022Z [main] Main.main - bootclasspath: /usr/lib/jvm/java-8-openjdk-amd64/jre/lib/resources.jar:/usr/lib/jvm/java-8-openjdk-amd64/jre/lib/rt.jar:/usr/lib/jvm/java-8-openjdk-amd64/jre/lib/sunrsasign.jar:/usr/lib/jvm/java-8-openjdk-amd64/jre/lib/jsse.jar:/usr/lib/jvm/java-8-openjdk-amd64/jre/lib/jce.jar:/usr/lib/jvm/java-8-openjdk-amd64/jre/lib/charsets.jar:/usr/lib/jvm/java-8-openjdk-amd64/jre/lib/jfr.jar:/usr/lib/jvm/java-8-openjdk-amd64/jre/classes
[INFO ] 2020-01-06T10:51:41,035Z [main] Main.main - classpath: /home/mirko/dev/corda/samples/obligation-cordapp/java-source/build/nodes/PartyA/corda-testserver.jar:/home/mirko/.capsule/apps/net.corda.webserver.WebServer_4.3/corda-rpc-4.3.jar:/home/mirko/.capsule/apps/net.corda.webserver.WebServer_4.3/corda-tools-cliutils-4.3.jar:/home/mirko/.capsule/apps/net.corda.webserver.WebServer_4.3/corda-node-api-4.3.jar:/home/mirko/.capsule/apps/net.corda.webserver.WebServer_4.3/corda-jackson-4.3.jar:/home/mirko/.capsule/apps/net.corda.webserver.WebServer_4.3/corda-serialization-4.3.jar:/home/mirko/.capsule/apps/net.corda.webserver.WebServer_4.3/corda-core-4.3.jar:/home/mirko/.capsule/apps/net.corda.webserver.WebServer_4.3/corda-common-logging-4.3.jar:/home/mirko/.capsule/apps/net.corda.webserver.WebServer_4.3/jetty-webapp-9.4.19.v20190610.jar:/home/mirko/.capsule/apps/net.corda.webserver.WebServer_4.3/jetty-servlet-9.4.19.v20190610.jar:/home/mirko/.capsule/apps/net.corda.webserver.WebServer_4.3/jersey-container-jetty-http-2.25.jar:/home/mirko/.capsule/apps/net.corda.webserver.WebServer_4.3/jetty-security-9.4.19.v20190610.jar:/home/mirko/.capsule/apps/net.corda.webserver.WebServer_4.3/jetty-server-9.4.19.v20190610.jar:/home/mirko/.capsule/apps/net.corda.webserver.WebServer_4.3/javax.servlet-api-4.0.1.jar:/home/mirko/.capsule/apps/net.corda.webserver.WebServer_4.3/commons-fileupload-1.4.jar:/home/mirko/.capsule/apps/net.corda.webserver.WebServer_4.3/log4j-slf4j-impl-2.11.2.jar:/home/mirko/.capsule/apps/net.corda.webserver.WebServer_4.3/log4j-core-2.11.2.jar:/home/mirko/.capsule/apps/net.corda.webserver.WebServer_4.3/jopt-simple-5.0.2.jar:/home/mirko/.capsule/apps/net.corda.webserver.WebServer_4.3/jetty-continuation-9.4.19.v20190610.jar:/home/mirko/.capsule/apps/net.corda.webserver.WebServer_4.3/jersey-container-servlet-2.25.jar:/home/mirko/.capsule/apps/net.corda.webserver.WebServer_4.3/jersey-container-servlet-core-2.25.jar:/home/mirko/.capsule/apps/net.corda.webserver.WebServer_4.3/jersey-server-2.25.jar:/home/mirko/.capsule/apps/net.corda.webserver.WebServer_4.3/jersey-media-json-jackson-2.25.jar:/home/mirko/.capsule/apps/net.corda.webserver.WebServer_4.3/kotlinx-html-jvm-0.6.12.jar:/home/mirko/.capsule/apps/net.corda.webserver.WebServer_4.3/corda-common-configuration-parsing-4.3.jar:/home/mirko/.capsule/apps/net.corda.webserver.WebServer_4.3/corda-common-validation-4.3.jar:/home/mirko/.capsule/apps/net.corda.webserver.WebServer_4.3/kotlin-stdlib-jdk8-1.2.71.jar:/home/mirko/.capsule/apps/net.corda.webserver.WebServer_4.3/jackson-module-kotlin-2.9.7.jar:/home/mirko/.capsule/apps/net.corda.webserver.WebServer_4.3/kotlin-reflect-1.2.71.jar:/home/mirko/.capsule/apps/net.corda.webserver.WebServer_4.3/quasar-core-0.7.10-jdk8.jar:/home/mirko/.capsule/apps/net.corda.webserver.WebServer_4.3/guava-28.0-jre.jar:/home/mirko/.capsule/apps/net.corda.webserver.WebServer_4.3/jsr305-3.0.2.jar:/home/mirko/.capsule/apps/net.corda.webserver.WebServer_4.3/jcl-over-slf4j-1.7.26.jar:/home/mirko/.capsule/apps/net.corda.webserver.WebServer_4.3/HikariCP-3.3.1.jar:/home/mirko/.capsule/apps/net.corda.webserver.WebServer_4.3/liquibase-core-3.6.3.jar:/home/mirko/.capsule/apps/net.corda.webserver.WebServer_4.3/jcabi-manifests-1.1.jar:/home/mirko/.capsule/apps/net.corda.webserver.WebServer_4.3/jcabi-log-0.14.jar:/home/mirko/.capsule/apps/net.corda.webserver.WebServer_4.3/slf4j-api-1.7.26.jar:/home/mirko/.capsule/apps/net.corda.webserver.WebServer_4.3/caffeine-2.7.0.jar:/home/mirko/.capsule/apps/net.corda.webserver.WebServer_4.3/rxjava-1.3.8.jar:/home/mirko/.capsule/apps/net.corda.webserver.WebServer_4.3/commons-lang3-3.9.jar:/home/mirko/.capsule/apps/net.corda.webserver.WebServer_4.3/eddsa-0.2.0.jar:/home/mirko/.capsule/apps/net.corda.webserver.WebServer_4.3/bcpkix-jdk15on-1.60.jar:/home/mirko/.capsule/apps/net.corda.webserver.WebServer_4.3/bcprov-jdk15on-1.60.jar:/home/mirko/.capsule/apps/net.corda.webserver.WebServer_4.3/hibernate-core-5.4.3.Final.jar:/home/mirko/.capsule/apps/net.corda.webserver.WebServer_4.3/javax.persistence-api-2.2.jar:/home/mirko/.capsule/apps/net.corda.webserver.WebServer_4.3/classgraph-4.8.41.jar:/home/mirko/.capsule/apps/net.corda.webserver.WebServer_4.3/jackson-dataformat-yaml-2.9.7.jar:/home/mirko/.capsule/apps/net.corda.webserver.WebServer_4.3/jackson-datatype-jsr310-2.9.7.jar:/home/mirko/.capsule/apps/net.corda.webserver.WebServer_4.3/picocli-3.9.6.jar:/home/mirko/.capsule/apps/net.corda.webserver.WebServer_4.3/artemis-amqp-protocol-2.6.2.jar:/home/mirko/.capsule/apps/net.corda.webserver.WebServer_4.3/artemis-server-2.6.2.jar:/home/mirko/.capsule/apps/net.corda.webserver.WebServer_4.3/commons-io-2.6.jar:/home/mirko/.capsule/apps/net.corda.webserver.WebServer_4.3/jansi-1.18.jar:/home/mirko/.capsule/apps/net.corda.webserver.WebServer_4.3/config-1.3.4.jar:/home/mirko/.capsule/apps/net.corda.webserver.WebServer_4.3/jetty-xml-9.4.19.v20190610.jar:/home/mirko/.capsule/apps/net.corda.webserver.WebServer_4.3/log4j-api-2.11.2.jar:/home/mirko/.capsule/apps/net.corda.webserver.WebServer_4.3/jersey-media-jaxb-2.25.jar:/home/mirko/.capsule/apps/net.corda.webserver.WebServer_4.3/jersey-client-2.25.jar:/home/mirko/.capsule/apps/net.corda.webserver.WebServer_4.3/jersey-common-2.25.jar:/home/mirko/.capsule/apps/net.corda.webserver.WebServer_4.3/jersey-entity-filtering-2.25.jar:/home/mirko/.capsule/apps/net.corda.webserver.WebServer_4.3/javax.ws.rs-api-2.0.1.jar:/home/mirko/.capsule/apps/net.corda.webserver.WebServer_4.3/javax.annotation-api-1.2.jar:/home/mirko/.capsule/apps/net.corda.webserver.WebServer_4.3/hk2-locator-2.5.0-b30.jar:/home/mirko/.capsule/apps/net.corda.webserver.WebServer_4.3/hk2-api-2.5.0-b30.jar:/home/mirko/.capsule/apps/net.corda.webserver.WebServer_4.3/javax.inject-2.5.0-b30.jar:/home/mirko/.capsule/apps/net.corda.webserver.WebServer_4.3/validation-api-1.1.0.Final.jar:/home/mirko/.capsule/apps/net.corda.webserver.WebServer_4.3/jetty-http-9.4.19.v20190610.jar:/home/mirko/.capsule/apps/net.corda.webserver.WebServer_4.3/jetty-io-9.4.19.v20190610.jar:/home/mirko/.capsule/apps/net.corda.webserver.WebServer_4.3/jetty-util-9.4.19.v20190610.jar:/home/mirko/.capsule/apps/net.corda.webserver.WebServer_4.3/jackson-jaxrs-json-provider-2.8.4.jar:/home/mirko/.capsule/apps/net.corda.webserver.WebServer_4.3/jackson-jaxrs-base-2.8.4.jar:/home/mirko/.capsule/apps/net.corda.webserver.WebServer_4.3/jackson-module-jaxb-annotations-2.8.4.jar:/home/mirko/.capsule/apps/net.corda.webserver.WebServer_4.3/jackson-databind-2.9.7.jar:/home/mirko/.capsule/apps/net.corda.webserver.WebServer_4.3/jackson-annotations-2.9.0.jar:/home/mirko/.capsule/apps/net.corda.webserver.WebServer_4.3/kotlin-stdlib-jdk7-1.2.71.jar:/home/mirko/.capsule/apps/net.corda.webserver.WebServer_4.3/kotlin-stdlib-1.2.71.jar:/home/mirko/.capsule/apps/net.corda.webserver.WebServer_4.3/checker-qual-2.8.1.jar:/home/mirko/.capsule/apps/net.corda.webserver.WebServer_4.3/error_prone_annotations-2.3.3.jar:/home/mirko/.capsule/apps/net.corda.webserver.WebServer_4.3/hibernate-commons-annotations-5.1.0.Final.jar:/home/mirko/.capsule/apps/net.corda.webserver.WebServer_4.3/artemis-jms-client-2.6.2.jar:/home/mirko/.capsule/apps/net.corda.webserver.WebServer_4.3/artemis-jdbc-store-2.6.2.jar:/home/mirko/.capsule/apps/net.corda.webserver.WebServer_4.3/artemis-core-client-2.6.2.jar:/home/mirko/.capsule/apps/net.corda.webserver.WebServer_4.3/artemis-journal-2.6.2.jar:/home/mirko/.capsule/apps/net.corda.webserver.WebServer_4.3/artemis-commons-2.6.2.jar:/home/mirko/.capsule/apps/net.corda.webserver.WebServer_4.3/artemis-native-2.6.2.jar:/home/mirko/.capsule/apps/net.corda.webserver.WebServer_4.3/jboss-logging-3.3.2.Final.jar:/home/mirko/.capsule/apps/net.corda.webserver.WebServer_4.3/javassist-3.24.0-GA.jar:/home/mirko/.capsule/apps/net.corda.webserver.WebServer_4.3/byte-buddy-1.9.10.jar:/home/mirko/.capsule/apps/net.corda.webserver.WebServer_4.3/antlr-2.7.7.jar:/home/mirko/.capsule/apps/net.corda.webserver.WebServer_4.3/jboss-transaction-api_1.2_spec-1.1.1.Final.jar:/home/mirko/.capsule/apps/net.corda.webserver.WebServer_4.3/jandex-2.0.5.Final.jar:/home/mirko/.capsule/apps/net.corda.webserver.WebServer_4.3/classmate-1.3.4.jar:/home/mirko/.capsule/apps/net.corda.webserver.WebServer_4.3/jaxb-runtime-2.3.1.jar:/home/mirko/.capsule/apps/net.corda.webserver.WebServer_4.3/jaxb-api-2.3.1.jar:/home/mirko/.capsule/apps/net.corda.webserver.WebServer_4.3/javax.activation-api-1.2.0.jar:/home/mirko/.capsule/apps/net.corda.webserver.WebServer_4.3/dom4j-2.1.1.jar:/home/mirko/.capsule/apps/net.corda.webserver.WebServer_4.3/metrics-core-3.2.3.jar:/home/mirko/.capsule/apps/net.corda.webserver.WebServer_4.3/HdrHistogram-2.1.9.jar:/home/mirko/.capsule/apps/net.corda.webserver.WebServer_4.3/LatencyUtils-2.0.3.jar:/home/mirko/.capsule/apps/net.corda.webserver.WebServer_4.3/kryo-4.0.2.jar:/home/mirko/.capsule/apps/net.corda.webserver.WebServer_4.3/kryo-serializers-0.42.jar:/home/mirko/.capsule/apps/net.corda.webserver.WebServer_4.3/commons-collections4-4.3.jar:/home/mirko/.capsule/apps/net.corda.webserver.WebServer_4.3/commons-beanutils-1.9.3.jar:/home/mirko/.capsule/apps/net.corda.webserver.WebServer_4.3/proton-j-0.33.0.jar:/home/mirko/.capsule/apps/net.corda.webserver.WebServer_4.3/liquibase-slf4j-2.0.0.jar:/home/mirko/.capsule/apps/net.corda.webserver.WebServer_4.3/reflectasm-1.11.3.jar:/home/mirko/.capsule/apps/net.corda.webserver.WebServer_4.3/asm-7.1.jar:/home/mirko/.capsule/apps/net.corda.webserver.WebServer_4.3/snappy-0.4.jar:/home/mirko/.capsule/apps/net.corda.webserver.WebServer_4.3/snakeyaml-1.23.jar:/home/mirko/.capsule/apps/net.corda.webserver.WebServer_4.3/jackson-core-2.9.7.jar:/home/mirko/.capsule/apps/net.corda.webserver.WebServer_4.3/failureaccess-1.0.1.jar:/home/mirko/.capsule/apps/net.corda.webserver.WebServer_4.3/listenablefuture-9999.0-empty-to-avoid-conflict-with-guava.jar:/home/mirko/.capsule/apps/net.corda.webserver.WebServer_4.3/j2objc-annotations-1.3.jar:/home/mirko/.capsule/apps/net.corda.webserver.WebServer_4.3/animal-sniffer-annotations-1.17.jar:/home/mirko/.capsule/apps/net.corda.webserver.WebServer_4.3/jersey-guava-2.25.jar:/home/mirko/.capsule/apps/net.corda.webserver.WebServer_4.3/osgi-resource-locator-1.0.1.jar:/home/mirko/.capsule/apps/net.corda.webserver.WebServer_4.3/hk2-utils-2.5.0-b30.jar:/home/mirko/.capsule/apps/net.corda.webserver.WebServer_4.3/aopalliance-repackaged-2.5.0-b30.jar:/home/mirko/.capsule/apps/net.corda.webserver.WebServer_4.3/kotlin-stdlib-common-1.2.71.jar:/home/mirko/.capsule/apps/net.corda.webserver.WebServer_4.3/annotations-13.0.jar:/home/mirko/.capsule/apps/net.corda.webserver.WebServer_4.3/txw2-2.3.1.jar:/home/mirko/.capsule/apps/net.corda.webserver.WebServer_4.3/istack-commons-runtime-3.0.7.jar:/home/mirko/.capsule/apps/net.corda.webserver.WebServer_4.3/stax-ex-1.8.jar:/home/mirko/.capsule/apps/net.corda.webserver.WebServer_4.3/FastInfoset-1.2.15.jar:/home/mirko/.capsule/apps/net.corda.webserver.WebServer_4.3/minlog-1.3.0.jar:/home/mirko/.capsule/apps/net.corda.webserver.WebServer_4.3/objenesis-2.5.1.jar:/home/mirko/.capsule/apps/net.corda.webserver.WebServer_4.3/commons-collections-3.2.2.jar:/home/mirko/.capsule/apps/net.corda.webserver.WebServer_4.3/jgroups-3.6.13.Final.jar:/home/mirko/.capsule/apps/net.corda.webserver.WebServer_4.3/geronimo-json_1.0_spec-1.0-alpha-1.jar:/home/mirko/.capsule/apps/net.corda.webserver.WebServer_4.3/johnzon-core-0.9.5.jar:/home/mirko/.capsule/apps/net.corda.webserver.WebServer_4.3/netty-transport-native-epoll-4.1.22.Final-linux-x86_64.jar:/home/mirko/.capsule/apps/net.corda.webserver.WebServer_4.3/netty-transport-native-kqueue-4.1.22.Final-osx-x86_64.jar:/home/mirko/.capsule/apps/net.corda.webserver.WebServer_4.3/netty-codec-http-4.1.22.Final.jar:/home/mirko/.capsule/apps/net.corda.webserver.WebServer_4.3/netty-handler-4.1.22.Final.jar:/home/mirko/.capsule/apps/net.corda.webserver.WebServer_4.3/netty-codec-4.1.22.Final.jar:/home/mirko/.capsule/apps/net.corda.webserver.WebServer_4.3/netty-transport-native-unix-common-4.1.22.Final.jar:/home/mirko/.capsule/apps/net.corda.webserver.WebServer_4.3/netty-transport-4.1.22.Final.jar:/home/mirko/.capsule/apps/net.corda.webserver.WebServer_4.3/netty-buffer-4.1.22.Final.jar:/home/mirko/.capsule/apps/net.corda.webserver.WebServer_4.3/netty-resolver-4.1.22.Final.jar:/home/mirko/.capsule/apps/net.corda.webserver.WebServer_4.3/netty-common-4.1.22.Final.jar:/home/mirko/.capsule/apps/net.corda.webserver.WebServer_4.3/artemis-selector-2.6.2.jar:/home/mirko/.capsule/apps/net.corda.webserver.WebServer_4.3/javax.inject-1.jar:/home/mirko/.capsule/apps/net.corda.webserver.WebServer_4.3/geronimo-jms_2.0_spec-1.0-alpha-2.jar:/home/mirko/.capsule/apps/net.corda.webserver.WebServer_4.3/corda-testserver-impl-4.3.jar:/home/mirko/dev/corda/samples/obligation-cordapp/java-source/build/nodes/PartyA/cordapps/corda-confidential-identities-4.3.jar:/home/mirko/dev/corda/samples/obligation-cordapp/java-source/build/nodes/PartyA/cordapps/java-source-0.1.jar:/home/mirko/dev/corda/samples/obligation-cordapp/java-source/build/nodes/PartyA/cordapps/corda-finance-workflows-4.3.jar:/home/mirko/dev/corda/samples/obligation-cordapp/java-source/build/nodes/PartyA/cordapps/corda-finance-contracts-4.3.jar:/home/mirko/.capsule/apps/net.corda.webserver.WebServer_4.3/quasar-core-0.7.10-jdk8.jar
[INFO ] 2020-01-06T10:51:41,056Z [main] Main.main - VM OpenJDK 64-Bit Server VM Private Build 25.232-b09
[INFO ] 2020-01-06T10:51:41,071Z [main] Main.main - Machine: mirko-G5
[INFO ] 2020-01-06T10:51:41,079Z [main] Main.main - Working Directory: /home/mirko/dev/corda/samples/obligation-cordapp/java-source/build/nodes/PartyA
[INFO ] 2020-01-06T10:51:41,167Z [main] Main.main - Starting as webserver on localhost:10007
[INFO ] 2020-01-06T10:51:41,317Z [main] BasicInfo.logAndMaybePrint - Starting as webserver: localhost:10007
[INFO ] 2020-01-06T10:51:47,250Z [main] internal.ReconnectingCordaRPCOps.establishConnectionWithRetry - Connecting to: localhost:10006
[INFO ] 2020-01-06T10:51:52,338Z [main] internal.RPCClient.logElapsedTime - Failed Startup took 4891 msec
[INFO ] 2020-01-06T10:51:53,343Z [main] internal.ReconnectingCordaRPCOps.establishConnectionWithRetry - Connecting to: localhost:10006
[INFO ] 2020-01-06T10:51:53,396Z [main] internal.RPCClient.logElapsedTime - Failed Startup took 47 msec
[INFO ] 2020-01-06T10:51:54,510Z [main] internal.ReconnectingCordaRPCOps.establishConnectionWithRetry - Connecting to: localhost:10006
[INFO ] 2020-01-06T10:51:54,565Z [main] internal.RPCClient.logElapsedTime - Failed Startup took 45 msec
[INFO ] 2020-01-06T10:51:55,802Z [main] internal.ReconnectingCordaRPCOps.establishConnectionWithRetry - Connecting to: localhost:10006
[INFO ] 2020-01-06T10:51:55,829Z [main] internal.RPCClient.logElapsedTime - Failed Startup took 21 msec
[INFO ] 2020-01-06T10:51:57,213Z [main] internal.ReconnectingCordaRPCOps.establishConnectionWithRetry - Connecting to: localhost:10006
[INFO ] 2020-01-06T10:51:57,237Z [main] internal.RPCClient.logElapsedTime - Failed Startup took 20 msec
[INFO ] 2020-01-06T10:51:58,764Z [main] internal.ReconnectingCordaRPCOps.establishConnectionWithRetry - Connecting to: localhost:10006
[INFO ] 2020-01-06T10:51:58,768Z [main] internal.RPCClient.logElapsedTime - Failed Startup took 2 msec
[INFO ] 2020-01-06T10:52:00,463Z [main] internal.ReconnectingCordaRPCOps.establishConnectionWithRetry - Connecting to: localhost:10006
[INFO ] 2020-01-06T10:52:04,275Z [main] internal.RPCClient.logElapsedTime - Startup took 3808 msec
[INFO ] 2020-01-06T10:52:04,781Z [main] util.log.initialized - Logging initialized @34423ms to org.eclipse.jetty.util.log.Slf4jLog
[INFO ] 2020-01-06T10:52:05,412Z [main] internal.NodeWebServer.buildServletContextHandler - Add plugin web API from attachment net.corda.examples.obligation.ObligationPlugin$$Lambda$24/455539394@1952ad9d
[INFO ] 2020-01-06T10:52:05,530Z [main] server.Server.doStart - jetty-9.4.19.v20190610; built: 2019-06-10T16:30:51.723Z; git: afcf563148970e98786327af5e07c261fda175d3; jvm 1.8.0_232-8u232-b09-0ubuntu1~18.04.1-b09
[INFO ] 2020-01-06T10:52:06,435Z [main] handler.ContextHandler.doStart - Started o.e.j.s.ServletContextHandler@4a648b35{/,null,AVAILABLE}
[INFO ] 2020-01-06T10:52:06,469Z [main] server.AbstractConnector.doStart - Started ServerConnector@b4c89b6{HTTP/1.1,[http/1.1]}{0.0.0.0:10007}
[INFO ] 2020-01-06T10:52:06,472Z [main] server.Server.doStart - Started @36115ms
[INFO ] 2020-01-06T10:52:06,474Z [main] internal.NodeWebServer.initWebServer - Starting webserver on address localhost:10007
